Determining if the pthread_create exist failed with the following output:
Change Dir: /home/maksim/git/techoatom_cpp/exercises/Stack/cmake-build-debug/CMakeFiles/CMakeTmp

Run Build Command:"/usr/bin/make" "cmTC_d0fb3/fast"
/usr/bin/make -f CMakeFiles/cmTC_d0fb3.dir/build.make CMakeFiles/cmTC_d0fb3.dir/build
make[1]: Entering directory '/home/maksim/git/techoatom_cpp/exercises/Stack/cmake-build-debug/CMakeFiles/CMakeTmp'
Building C object CMakeFiles/cmTC_d0fb3.dir/CheckSymbolExists.c.o
/usr/bin/cc     -o CMakeFiles/cmTC_d0fb3.dir/CheckSymbolExists.c.o   -c /home/maksim/git/techoatom_cpp/exercises/Stack/cmake-build-debug/CMakeFiles/CMakeTmp/CheckSymbolExists.c
Linking C executable cmTC_d0fb3
/home/maksim/Soft/CLion/bin/cmake/bin/cmake -E cmake_link_script CMakeFiles/cmTC_d0fb3.dir/link.txt --verbose=1
/usr/bin/cc       CMakeFiles/cmTC_d0fb3.dir/CheckSymbolExists.c.o  -o cmTC_d0fb3 
CMakeFiles/cmTC_d0fb3.dir/CheckSymbolExists.c.o: In function `main':
CheckSymbolExists.c:(.text+0x16): undefined reference to `pthread_create'
collect2: error: ld returned 1 exit status
CMakeFiles/cmTC_d0fb3.dir/build.make:97: recipe for target 'cmTC_d0fb3' failed
make[1]: *** [cmTC_d0fb3] Error 1
make[1]: Leaving directory '/home/maksim/git/techoatom_cpp/exercises/Stack/cmake-build-debug/CMakeFiles/CMakeTmp'
Makefile:126: recipe for target 'cmTC_d0fb3/fast' failed
make: *** [cmTC_d0fb3/fast] Error 2

File /home/maksim/git/techoatom_cpp/exercises/Stack/cmake-build-debug/CMakeFiles/CMakeTmp/CheckSymbolExists.c:
/* */
#include <pthread.h>

int main(int argc, char** argv)
{
  (void)argv;
#ifndef pthread_create
  return ((int*)(&pthread_create))[argc];
#else
  (void)argc;
  return 0;
#endif
}

Determining if the function pthread_create exists in the pthreads failed with the following output:
Change Dir: /home/maksim/git/techoatom_cpp/exercises/Stack/cmake-build-debug/CMakeFiles/CMakeTmp

Run Build Command:"/usr/bin/make" "cmTC_6f575/fast"
/usr/bin/make -f CMakeFiles/cmTC_6f575.dir/build.make CMakeFiles/cmTC_6f575.dir/build
make[1]: Entering directory '/home/maksim/git/techoatom_cpp/exercises/Stack/cmake-build-debug/CMakeFiles/CMakeTmp'
Building C object CMakeFiles/cmTC_6f575.dir/CheckFunctionExists.c.o
/usr/bin/cc    -DCHECK_FUNCTION_EXISTS=pthread_create   -o CMakeFiles/cmTC_6f575.dir/CheckFunctionExists.c.o   -c /home/maksim/Soft/CLion/bin/cmake/share/cmake-3.6/Modules/CheckFunctionExists.c
Linking C executable cmTC_6f575
/home/maksim/Soft/CLion/bin/cmake/bin/cmake -E cmake_link_script CMakeFiles/cmTC_6f575.dir/link.txt --verbose=1
/usr/bin/cc   -DCHECK_FUNCTION_EXISTS=pthread_create    CMakeFiles/cmTC_6f575.dir/CheckFunctionExists.c.o  -o cmTC_6f575 -lpthreads 
/usr/bin/ld: cannot find -lpthreads
collect2: error: ld returned 1 exit status
CMakeFiles/cmTC_6f575.dir/build.make:97: recipe for target 'cmTC_6f575' failed
make[1]: *** [cmTC_6f575] Error 1
make[1]: Leaving directory '/home/maksim/git/techoatom_cpp/exercises/Stack/cmake-build-debug/CMakeFiles/CMakeTmp'
Makefile:126: recipe for target 'cmTC_6f575/fast' failed
make: *** [cmTC_6f575/fast] Error 2


